[0.105s] Invoking command in '/ws/build/planner': CMAKE_PREFIX_PATH=/opt/ros/humble /usr/bin/cmake /ws/src/robot/planner -DCMAKE_INSTALL_PREFIX=/ws/install/planner
[1.228s] -- The C compiler identification is GNU 11.4.0
[1.859s] -- The CXX compiler identification is GNU 11.4.0
[1.931s] -- Detecting C compiler ABI info
[3.212s] -- Detecting C compiler ABI info - done
[3.244s] -- Check for working C compiler: /usr/bin/cc - skipped
[3.245s] -- Detecting C compile features
[3.245s] -- Detecting C compile features - done
[3.254s] -- Detecting CXX compiler ABI info
[4.216s] -- Detecting CXX compiler ABI info - done
[4.245s] -- Check for working CXX compiler: /usr/bin/c++ - skipped
[4.245s] -- Detecting CXX compile features
[4.246s] -- Detecting CXX compile features - done
[4.268s] -- Found ament_cmake: 1.3.12 (/opt/ros/humble/share/ament_cmake/cmake)
[5.394s] -- Found Python3: /usr/bin/python3 (found version "3.10.12") found components: Interpreter 
[5.796s] -- Found rclcpp: 16.0.14 (/opt/ros/humble/share/rclcpp/cmake)
[5.871s] -- Found rosidl_generator_c: 3.1.7 (/opt/ros/humble/share/rosidl_generator_c/cmake)
[5.877s] -- Found rosidl_adapter: 3.1.7 (/opt/ros/humble/share/rosidl_adapter/cmake)
[5.888s] -- Found rosidl_generator_cpp: 3.1.7 (/opt/ros/humble/share/rosidl_generator_cpp/cmake)
[5.910s] -- Using all available rosidl_typesupport_c: rosidl_typesupport_fastrtps_c;rosidl_typesupport_introspection_c
[5.939s] -- Using all available rosidl_typesupport_cpp: rosidl_typesupport_fastrtps_cpp;rosidl_typesupport_introspection_cpp
[5.999s] -- Found rmw_implementation_cmake: 6.1.2 (/opt/ros/humble/share/rmw_implementation_cmake/cmake)
[6.004s] -- Found rmw_fastrtps_cpp: 6.2.8 (/opt/ros/humble/share/rmw_fastrtps_cpp/cmake)
[6.782s] -- Found OpenSSL: /usr/lib/x86_64-linux-gnu/libcrypto.so (found version "3.0.2")  
[6.841s] -- Found FastRTPS: /opt/ros/humble/include  
[6.932s] -- Using RMW implementation 'rmw_fastrtps_cpp' as default
[6.946s] -- Looking for pthread.h
[7.962s] -- Looking for pthread.h - found
[7.966s] -- Performing Test CMAKE_HAVE_LIBC_PTHREAD
[8.944s] -- Performing Test CMAKE_HAVE_LIBC_PTHREAD - Success
[8.948s] -- Found Threads: TRUE  
[9.046s] -- Found nav_msgs: 4.9.0 (/opt/ros/humble/share/nav_msgs/cmake)
[9.100s] -- Found sensor_msgs: 4.9.0 (/opt/ros/humble/share/sensor_msgs/cmake)
[9.445s] -- Configuring done
[9.559s] -- Generating done
[9.608s] -- Build files have been written to: /ws/build/planner
[9.640s] Invoked command in '/ws/build/planner' returned '0': CMAKE_PREFIX_PATH=/opt/ros/humble /usr/bin/cmake /ws/src/robot/planner -DCMAKE_INSTALL_PREFIX=/ws/install/planner
[9.654s] Invoking command in '/ws/build/planner': CMAKE_PREFIX_PATH=/opt/ros/humble /usr/bin/cmake --build /ws/build/planner -- -j8 -l8
[10.370s] [ 25%] [32mBuilding CXX object CMakeFiles/planner_lib.dir/src/planner_core.cpp.o[0m
[19.344s] [ 50%] [32m[1mLinking CXX static library libplanner_lib.a[0m
[19.724s] [ 50%] Built target planner_lib
[20.020s] [ 75%] [32mBuilding CXX object CMakeFiles/planner_node.dir/src/planner_node.cpp.o[0m
[47.481s] [100%] [32m[1mLinking CXX executable planner_node[0m
[50.432s] [100%] Built target planner_node
[50.532s] Invoked command in '/ws/build/planner' returned '0': CMAKE_PREFIX_PATH=/opt/ros/humble /usr/bin/cmake --build /ws/build/planner -- -j8 -l8
[50.622s] Invoking command in '/ws/build/planner': CMAKE_PREFIX_PATH=/opt/ros/humble /usr/bin/cmake --install /ws/build/planner
[50.710s] -- Install configuration: ""
[50.713s] -- Installing: /ws/install/planner/lib/planner/planner_node
[50.810s] -- Set runtime path of "/ws/install/planner/lib/planner/planner_node" to ""
[50.810s] -- Installing: /ws/install/planner/share/planner/config
[50.813s] -- Installing: /ws/install/planner/share/planner/config/params.yaml
[50.817s] -- Installing: /ws/install/planner/share/ament_index/resource_index/package_run_dependencies/planner
[50.820s] -- Installing: /ws/install/planner/share/ament_index/resource_index/parent_prefix_path/planner
[50.823s] -- Installing: /ws/install/planner/share/planner/environment/ament_prefix_path.sh
[50.825s] -- Installing: /ws/install/planner/share/planner/environment/ament_prefix_path.dsv
[50.827s] -- Installing: /ws/install/planner/share/planner/environment/path.sh
[50.829s] -- Installing: /ws/install/planner/share/planner/environment/path.dsv
[50.832s] -- Installing: /ws/install/planner/share/planner/local_setup.bash
[50.834s] -- Installing: /ws/install/planner/share/planner/local_setup.sh
[50.836s] -- Installing: /ws/install/planner/share/planner/local_setup.zsh
[50.838s] -- Installing: /ws/install/planner/share/planner/local_setup.dsv
[50.841s] -- Installing: /ws/install/planner/share/planner/package.dsv
[50.845s] -- Installing: /ws/install/planner/share/ament_index/resource_index/packages/planner
[50.847s] -- Installing: /ws/install/planner/share/planner/cmake/plannerConfig.cmake
[50.850s] -- Installing: /ws/install/planner/share/planner/cmake/plannerConfig-version.cmake
[50.853s] -- Installing: /ws/install/planner/share/planner/package.xml
[50.869s] Invoked command in '/ws/build/planner' returned '0': CMAKE_PREFIX_PATH=/opt/ros/humble /usr/bin/cmake --install /ws/build/planner
